<?xml version="1.0" encoding="UTF-8"?>
<testsuite xmlns:xsi="http://www.w3.org/2001/XMLSchema-instance" xsi:noNamespaceSchemaLocation="https://maven.apache.org/surefire/maven-surefire-plugin/xsd/surefire-test-report-3.0.xsd" version="3.0" name="com.Tarea1.Tarea1.Tarea1ApplicationTests" time="7.675" tests="1" errors="0" skipped="0" failures="0">
  <properties>
[...]
</properties>
  <testcase name="contextLoads" classname="com.Tarea1.Tarea1.Tarea1ApplicationTests" time="2.077">
    <system-out><![CDATA[19:30:36.296 [main] INFO org.springframework.test.context.support.AnnotationConfigContextLoaderUtils -- Could not detect default configuration classes for test class [com.Tarea1.Tarea1.Tarea1ApplicationTests]: Tarea1ApplicationTests does not declare any static, non-private, non-final, nested classes annotated with @Configuration.
19:30:36.524 [main] INFO org.springframework.boot.test.context.SpringBootTestContextBootstrapper -- Found @SpringBootConfiguration com.Tarea1.Tarea1.Tarea1Application for test class com.Tarea1.Tarea1.Tarea1ApplicationTests

  .   ____          _            __ _ _
 /\\ / ___'_ __ _ _(_)_ __  __ _ \ \ \ \
( ( )\___ | '_ | '_| | '_ \/ _` | \ \ \ \
 \\/  ___)| |_)| | | | | || (_| |  ) ) ) )
  '  |____| .__|_| |_|_| |_\__, | / / / /
 =========|_|==============|___/=/_/_/_/
 :: Spring Boot ::                (v3.1.0)

2023-06-06T19:30:37.792-06:00  INFO 4324 --- [           main] c.Tarea1.Tarea1.Tarea1ApplicationTests   : Starting Tarea1ApplicationTests using Java 17.0.6 with PID 4324 (started by franr in C:\Proyectos\Tarea1)
2023-06-06T19:30:37.797-06:00  INFO 4324 --- [           main] c.Tarea1.Tarea1.Tarea1ApplicationTests   : No active profile set, falling back to 1 default profile: "default"
2023-06-06T19:30:40.919-06:00  INFO 4324 --- [           main] o.s.b.a.w.s.WelcomePageHandlerMapping    : Adding welcome page: class path resource [static/index.html]
2023-06-06T19:30:41.355-06:00  WARN 4324 --- [           main] ion$DefaultTemplateResolverConfiguration : Cannot find template location: classpath:/templates/ (please add some templates, check your Thymeleaf configuration, or set spring.thymeleaf.check-template-location=false)
2023-06-06T19:30:41.469-06:00  INFO 4324 --- [           main] c.Tarea1.Tarea1.Tarea1ApplicationTests   : Started Tarea1ApplicationTests in 4.517 seconds (process running for 6.838)
]]></system-out>
  </testcase>
</testsuite>